<?xml version="1.0" encoding="UTF-8"?>
<!-- Generated by org.testng.reporters.JUnitReportReporter -->
<testsuite hostname="icon" failures="0" tests="3" name="com.abby.qa.testcases.SearchTest" time="10.966" errors="0" timestamp="2024-06-14T05:51:52 IST" skipped="0">
  <testcase classname="com.abby.qa.testcases.SearchTest" name="verifySearchWithValidProduct" time="2.680"/>
  <testcase classname="com.abby.qa.testcases.SearchTest" name="verifySearchWithIvalidProduct" time="3.612"/>
  <testcase classname="com.abby.qa.testcases.SearchTest" name="verifySearchWithOutAnyProduct" time="4.674"/>
</testsuite> <!-- com.abby.qa.testcases.SearchTest -->
