<?xml version="1.0" encoding="UTF-8"?>
<!-- Generated by org.testng.reporters.JUnitReportReporter -->
<testsuite hostname="icon" failures="0" tests="6" name="com.abby.qa.testcases.LoginTest" time="35.482" errors="0" timestamp="2024-06-14T05:51:52 IST" skipped="0">
  <testcase classname="com.abby.qa.testcases.LoginTest" name="verifyLoginWithValidCreadentials" time="4.849"/>
  <testcase classname="com.abby.qa.testcases.LoginTest" name="verifyLoginWithValidCreadentials" time="4.578"/>
  <testcase classname="com.abby.qa.testcases.LoginTest" name="verifyLoginWithInvalidCreadentials" time="5.310"/>
  <testcase classname="com.abby.qa.testcases.LoginTest" name="verifyLoginWithInvalidEmailAndValidPassword" time="10.856"/>
  <testcase classname="com.abby.qa.testcases.LoginTest" name="verifyLoginWithValidEmailAndInvalidPassword" time="4.458"/>
  <testcase classname="com.abby.qa.testcases.LoginTest" name="verifyLoginWithoutProvidingCredential" time="5.431"/>
</testsuite> <!-- com.abby.qa.testcases.LoginTest -->
