<?xml version="1.0" encoding="UTF-8"?>
<!-- Generated by org.testng.reporters.JUnitReportReporter -->
<testsuite hostname="DESKTOP-URFGTI2" failures="0" tests="6" name="com.abby.qa.testcases.LoginTest" time="46.094" errors="0" timestamp="2024-03-20T08:13:26 IST" skipped="0">
  <testcase classname="com.abby.qa.testcases.LoginTest" name="verifyLoginWithValidCreadentials" time="6.172"/>
  <testcase classname="com.abby.qa.testcases.LoginTest" name="verifyLoginWithValidCreadentials" time="5.992"/>
  <testcase classname="com.abby.qa.testcases.LoginTest" name="verifyLoginWithInvalidCreadentials" time="5.911"/>
  <testcase classname="com.abby.qa.testcases.LoginTest" name="verifyLoginWithInvalidEmailAndValidPassword" time="6.993"/>
  <testcase classname="com.abby.qa.testcases.LoginTest" name="verifyLoginWithValidEmailAndInvalidPassword" time="11.916"/>
  <testcase classname="com.abby.qa.testcases.LoginTest" name="verifyLoginWithoutProvidingCredential" time="9.110"/>
</testsuite> <!-- com.abby.qa.testcases.LoginTest -->
