<?xml version="1.0" encoding="UTF-8"?>
<!-- Generated by org.testng.reporters.JUnitReportReporter -->
<testsuite hostname="DESKTOP-URFGTI2" failures="0" tests="3" name="com.abby.qa.testcases.SearchTest" time="14.974" errors="0" timestamp="2024-03-20T08:13:26 IST" skipped="0">
  <testcase classname="com.abby.qa.testcases.SearchTest" name="verifySearchWithValidProduct" time="5.005"/>
  <testcase classname="com.abby.qa.testcases.SearchTest" name="verifySearchWithIvalidProduct" time="4.902"/>
  <testcase classname="com.abby.qa.testcases.SearchTest" name="verifySearchWithOutAnyProduct" time="5.067"/>
</testsuite> <!-- com.abby.qa.testcases.SearchTest -->
