<?xml version="1.0" encoding="UTF-8"?>
<!-- Generated by org.testng.reporters.JUnitReportReporter -->
<testsuite hostname="DESKTOP-URFGTI2" failures="0" tests="4" name="com.abby.qa.testcases.RegisterTest" time="26.968" errors="0" timestamp="2024-03-20T08:13:26 IST" skipped="0">
  <testcase classname="com.abby.qa.testcases.RegisterTest" name="verifyRegisteringAnAccountWithMandatoryFields" time="6.899"/>
  <testcase classname="com.abby.qa.testcases.RegisterTest" name="verifyRegisteringAnAccountWithAllFields" time="6.615"/>
  <testcase classname="com.abby.qa.testcases.RegisterTest" name="verifyRegisteringAnAccountWithExistingEmailAddress" time="6.358"/>
  <testcase classname="com.abby.qa.testcases.RegisterTest" name="verifyRegisteringAnAccountWithoutFillingAnyData" time="7.096"/>
</testsuite> <!-- com.abby.qa.testcases.RegisterTest -->
